<?xml version="1.0" encoding="UTF-8"?>
<!-- Generated by org.testng.reporters.JUnitReportReporter -->
<testsuite hostname="DESKTOP-0QGJ2P8" failures="0" tests="2" name="friendsproject.Gurutest" time="5.650" errors="0" timestamp="2024-06-08T12:55:23 IST" skipped="0">
  <testcase classname="friendsproject.Gurutest" name="newcustomerlogin" time="3.904"/>
  <system-out/>
  <testcase classname="friendsproject.Gurutest" name="login" time="1.746"/>
  <system-out/>
</testsuite> <!-- friendsproject.Gurutest -->
