<?xml version="1.0" encoding="UTF-8"?>
<!-- Generated by org.testng.reporters.JUnitReportReporter -->
<testsuite hostname="DESKTOP-0QGJ2P8" failures="0" tests="2" name="friendsproject.Gurutest" time="7.923" errors="0" timestamp="2024-06-08T13:01:18 IST" skipped="0">
  <testcase classname="friendsproject.Gurutest" name="newcustomerlogin" time="4.528"/>
  <testcase classname="friendsproject.Gurutest" name="login" time="3.395"/>
</testsuite> <!-- friendsproject.Gurutest -->
